tasks/Kalculator/app/build/intermediates/manifest_merge_blame_file/debug/manifest-merger-blame-debug-report.txt
1<?xml version="1.0" encoding="utf-8"?>
2<manifest xmlns:android="http://schemas.android.com/apk/res/android"
3    package="me.aravindvasudevan.kcalculate"
4    android:versionCode="1"
5    android:versionName="1.0" >
6
7    <uses-sdk
8        android:minSdkVersion="15"
8-->src\main\AndroidManifest.xml
9        android:targetSdkVersion="26" />
9-->src\main\AndroidManifest.xml
10
11    <application
11-->src\main\AndroidManifest.xml:5:5-15:19
12        android:allowBackup="true"
12-->src\main\AndroidManifest.xml:5:18-44
13        android:debuggable="true"
14        android:icon="@mipmap/ic_launcher"
14-->src\main\AndroidManifest.xml:5:45-79
15        android:label="@string/app_name"
15-->src\main\AndroidManifest.xml:6:9-41
16        android:roundIcon="@mipmap/ic_launcher_round"
16-->src\main\AndroidManifest.xml:6:42-87
17        android:supportsRtl="true"
17-->src\main\AndroidManifest.xml:7:9-35
18        android:theme="@style/AppTheme" >
18-->src\main\AndroidManifest.xml:7:36-67
19        <activity android:name="me.kvashnin.kcalculate.MainActivity" >
19-->src\main\AndroidManifest.xml:8:9-14:20
19-->src\main\AndroidManifest.xml:8:19-47
20            <intent-filter>
20-->src\main\AndroidManifest.xml:9:13-13:29
21                <action android:name="android.intent.action.MAIN" />
21-->src\main\AndroidManifest.xml:10:17-69
21-->src\main\AndroidManifest.xml:10:25-66
22
23                <category android:name="android.intent.category.LAUNCHER" />
23-->src\main\AndroidManifest.xml:12:17-77
23-->src\main\AndroidManifest.xml:12:27-74
24            </intent-filter>
25        </activity>
26
27        <meta-data
27-->[com.android.support:appcompat-v7:26.1.0] AndroidManifest.xml:26:9-28:38
28            android:name="android.support.VERSION"
28-->[com.android.support:appcompat-v7:26.1.0] AndroidManifest.xml:27:13-51
29            android:value="26.1.0" />
29-->[com.android.support:appcompat-v7:26.1.0] AndroidManifest.xml:28:13-35
30        <meta-data
30-->[android.arch.lifecycle:runtime:1.0.0] AndroidManifest.xml:25:9-27:47
31            android:name="android.arch.lifecycle.VERSION"
31-->[android.arch.lifecycle:runtime:1.0.0] AndroidManifest.xml:26:13-58
32            android:value="27.0.0-SNAPSHOT" />
32-->[android.arch.lifecycle:runtime:1.0.0] AndroidManifest.xml:27:13-44
33    </application>
34
35</manifest>